2025/05/05 16:39:24 [notice] 1#1: using the "epoll" event method
2025/05/05 16:39:24 [notice] 1#1: nginx/1.27.4
2025/05/05 16:39:24 [notice] 1#1: built by gcc 14.2.0 (Alpine 14.2.0) 
2025/05/05 16:39:24 [notice] 1#1: OS: Linux 5.15.49-linuxkit-pr
2025/05/05 16:39:24 [notice] 1#1: getrlimit(RLIMIT_NOFILE): 1048576:1048576
2025/05/05 16:39:24 [notice] 1#1: start worker processes
2025/05/05 16:39:24 [notice] 1#1: start worker process 29
2025/05/05 16:39:24 [notice] 1#1: start worker process 30
2025/05/05 16:39:24 [notice] 1#1: start worker process 31
2025/05/05 16:39:24 [notice] 1#1: start worker process 32
2025/05/05 17:30:42 [notice] 1#1: signal 3 (SIGQUIT) received, shutting down
2025/05/05 17:30:42 [notice] 32#32: gracefully shutting down
2025/05/05 17:30:42 [notice] 32#32: exiting
2025/05/05 17:30:42 [notice] 30#30: gracefully shutting down
2025/05/05 17:30:42 [notice] 30#30: exiting
2025/05/05 17:30:42 [notice] 29#29: gracefully shutting down
2025/05/05 17:30:42 [notice] 31#31: gracefully shutting down
2025/05/05 17:30:42 [notice] 32#32: exit
2025/05/05 17:30:42 [notice] 30#30: exit
2025/05/05 17:30:42 [notice] 29#29: exiting
2025/05/05 17:30:42 [notice] 31#31: exiting
2025/05/05 17:30:42 [notice] 29#29: exit
2025/05/05 17:30:42 [notice] 31#31: exit
2025/05/05 17:30:42 [notice] 1#1: signal 17 (SIGCHLD) received from 31
2025/05/05 17:30:42 [notice] 1#1: worker process 30 exited with code 0
2025/05/05 17:30:42 [notice] 1#1: worker process 31 exited with code 0
2025/05/05 17:30:42 [notice] 1#1: worker process 32 exited with code 0
2025/05/05 17:30:42 [notice] 1#1: worker process 29 exited with code 0
2025/05/05 17:30:42 [notice] 1#1: exit
2025/05/06 02:14:14 [notice] 1#1: using the "epoll" event method
2025/05/06 02:14:14 [notice] 1#1: nginx/1.27.4
2025/05/06 02:14:14 [notice] 1#1: built by gcc 14.2.0 (Alpine 14.2.0) 
2025/05/06 02:14:14 [notice] 1#1: OS: Linux 5.15.49-linuxkit-pr
2025/05/06 02:14:14 [notice] 1#1: getrlimit(RLIMIT_NOFILE): 1048576:1048576
2025/05/06 02:14:14 [notice] 1#1: start worker processes
2025/05/06 02:14:14 [notice] 1#1: start worker process 29
2025/05/06 02:14:14 [notice] 1#1: start worker process 30
2025/05/06 02:14:14 [notice] 1#1: start worker process 31
2025/05/06 02:14:14 [notice] 1#1: start worker process 32
2025/05/06 06:07:47 [notice] 1#1: signal 3 (SIGQUIT) received, shutting down
2025/05/06 06:07:47 [notice] 31#31: gracefully shutting down
2025/05/06 06:07:47 [notice] 29#29: gracefully shutting down
2025/05/06 06:07:47 [notice] 32#32: gracefully shutting down
2025/05/06 06:07:47 [notice] 30#30: gracefully shutting down
2025/05/06 06:07:47 [notice] 31#31: exiting
2025/05/06 06:07:47 [notice] 29#29: exiting
2025/05/06 06:07:47 [notice] 32#32: exiting
2025/05/06 06:07:47 [notice] 32#32: exit
2025/05/06 06:07:47 [notice] 31#31: exit
2025/05/06 06:07:47 [notice] 29#29: exit
2025/05/06 06:07:47 [notice] 30#30: exiting
2025/05/06 06:07:47 [notice] 30#30: exit
2025/05/06 06:07:47 [notice] 1#1: signal 17 (SIGCHLD) received from 29
2025/05/06 06:07:47 [notice] 1#1: worker process 29 exited with code 0
2025/05/06 06:07:47 [notice] 1#1: worker process 30 exited with code 0
2025/05/06 06:07:47 [notice] 1#1: worker process 31 exited with code 0
2025/05/06 06:07:47 [notice] 1#1: worker process 32 exited with code 0
2025/05/06 06:07:47 [notice] 1#1: exit
2025/05/06 06:07:57 [notice] 1#1: using the "epoll" event method
2025/05/06 06:07:57 [notice] 1#1: nginx/1.27.4
2025/05/06 06:07:57 [notice] 1#1: built by gcc 14.2.0 (Alpine 14.2.0) 
2025/05/06 06:07:57 [notice] 1#1: OS: Linux 5.15.49-linuxkit-pr
2025/05/06 06:07:57 [notice] 1#1: getrlimit(RLIMIT_NOFILE): 1048576:1048576
2025/05/06 06:07:57 [notice] 1#1: start worker processes
2025/05/06 06:07:57 [notice] 1#1: start worker process 30
2025/05/06 06:07:57 [notice] 1#1: start worker process 31
2025/05/06 06:07:57 [notice] 1#1: start worker process 32
2025/05/06 06:07:57 [notice] 1#1: start worker process 33
2025/05/06 06:46:35 [notice] 1#1: signal 3 (SIGQUIT) received, shutting down
2025/05/06 06:46:35 [notice] 31#31: gracefully shutting down
2025/05/06 06:46:35 [notice] 31#31: exiting
2025/05/06 06:46:35 [notice] 30#30: gracefully shutting down
2025/05/06 06:46:35 [notice] 32#32: gracefully shutting down
2025/05/06 06:46:35 [notice] 33#33: gracefully shutting down
2025/05/06 06:46:35 [notice] 33#33: exiting
2025/05/06 06:46:35 [notice] 31#31: exit
2025/05/06 06:46:35 [notice] 30#30: exiting
2025/05/06 06:46:35 [notice] 30#30: exit
2025/05/06 06:46:35 [notice] 32#32: exiting
2025/05/06 06:46:35 [notice] 33#33: exit
2025/05/06 06:46:35 [notice] 32#32: exit
2025/05/06 06:46:35 [notice] 1#1: signal 17 (SIGCHLD) received from 31
2025/05/06 06:46:35 [notice] 1#1: worker process 31 exited with code 0
2025/05/06 06:46:35 [notice] 1#1: signal 29 (SIGIO) received
2025/05/06 06:46:35 [notice] 1#1: signal 17 (SIGCHLD) received from 30
2025/05/06 06:46:35 [notice] 1#1: worker process 30 exited with code 0
2025/05/06 06:46:35 [notice] 1#1: worker process 33 exited with code 0
2025/05/06 06:46:35 [notice] 1#1: worker process 32 exited with code 0
2025/05/06 06:46:35 [notice] 1#1: exit
2025/05/06 06:46:41 [notice] 1#1: using the "epoll" event method
2025/05/06 06:46:41 [notice] 1#1: nginx/1.27.4
2025/05/06 06:46:41 [notice] 1#1: built by gcc 14.2.0 (Alpine 14.2.0) 
2025/05/06 06:46:41 [notice] 1#1: OS: Linux 5.15.49-linuxkit-pr
2025/05/06 06:46:41 [notice] 1#1: getrlimit(RLIMIT_NOFILE): 1048576:1048576
2025/05/06 06:46:41 [notice] 1#1: start worker processes
2025/05/06 06:46:41 [notice] 1#1: start worker process 29
2025/05/06 06:46:41 [notice] 1#1: start worker process 30
2025/05/06 06:46:41 [notice] 1#1: start worker process 31
2025/05/06 06:46:41 [notice] 1#1: start worker process 32
2025/05/06 07:31:08 [notice] 1#1: signal 3 (SIGQUIT) received, shutting down
2025/05/06 07:31:08 [notice] 32#32: gracefully shutting down
2025/05/06 07:31:08 [notice] 32#32: exiting
2025/05/06 07:31:08 [notice] 31#31: gracefully shutting down
2025/05/06 07:31:08 [notice] 29#29: gracefully shutting down
2025/05/06 07:31:08 [notice] 30#30: gracefully shutting down
2025/05/06 07:31:08 [notice] 32#32: exit
2025/05/06 07:31:08 [notice] 31#31: exiting
2025/05/06 07:31:08 [notice] 31#31: exit
2025/05/06 07:31:08 [notice] 29#29: exiting
2025/05/06 07:31:08 [notice] 29#29: exit
2025/05/06 07:31:08 [notice] 30#30: exiting
2025/05/06 07:31:08 [notice] 30#30: exit
2025/05/06 07:31:08 [notice] 1#1: signal 17 (SIGCHLD) received from 32
2025/05/06 07:31:08 [notice] 1#1: worker process 31 exited with code 0
2025/05/06 07:31:08 [notice] 1#1: worker process 32 exited with code 0
2025/05/06 07:31:08 [notice] 1#1: signal 29 (SIGIO) received
2025/05/06 07:31:08 [notice] 1#1: signal 17 (SIGCHLD) received from 29
2025/05/06 07:31:08 [notice] 1#1: worker process 29 exited with code 0
2025/05/06 07:31:08 [notice] 1#1: signal 29 (SIGIO) received
2025/05/06 07:31:08 [notice] 1#1: signal 17 (SIGCHLD) received from 30
2025/05/06 07:31:08 [notice] 1#1: worker process 30 exited with code 0
2025/05/06 07:31:08 [notice] 1#1: exit
2025/05/06 07:31:15 [notice] 1#1: using the "epoll" event method
2025/05/06 07:31:15 [notice] 1#1: nginx/1.27.4
2025/05/06 07:31:15 [notice] 1#1: built by gcc 14.2.0 (Alpine 14.2.0) 
2025/05/06 07:31:15 [notice] 1#1: OS: Linux 5.15.49-linuxkit-pr
2025/05/06 07:31:15 [notice] 1#1: getrlimit(RLIMIT_NOFILE): 1048576:1048576
2025/05/06 07:31:15 [notice] 1#1: start worker processes
2025/05/06 07:31:15 [notice] 1#1: start worker process 29
2025/05/06 07:31:15 [notice] 1#1: start worker process 30
2025/05/06 07:31:15 [notice] 1#1: start worker process 31
2025/05/06 07:31:15 [notice] 1#1: start worker process 32
2025/05/07 00:41:46 [notice] 1#1: signal 3 (SIGQUIT) received, shutting down
2025/05/07 00:41:46 [notice] 32#32: gracefully shutting down
2025/05/07 00:41:46 [notice] 29#29: gracefully shutting down
2025/05/07 00:41:46 [notice] 31#31: gracefully shutting down
2025/05/07 00:41:46 [notice] 30#30: gracefully shutting down
2025/05/07 00:41:46 [notice] 31#31: exiting
2025/05/07 00:41:46 [notice] 29#29: exiting
2025/05/07 00:41:46 [notice] 31#31: exit
2025/05/07 00:41:46 [notice] 32#32: exiting
2025/05/07 00:41:46 [notice] 29#29: exit
2025/05/07 00:41:46 [notice] 30#30: exiting
2025/05/07 00:41:46 [notice] 32#32: exit
2025/05/07 00:41:46 [notice] 30#30: exit
2025/05/07 00:41:46 [notice] 1#1: signal 17 (SIGCHLD) received from 32
2025/05/07 00:41:46 [notice] 1#1: worker process 29 exited with code 0
2025/05/07 00:41:46 [notice] 1#1: worker process 30 exited with code 0
2025/05/07 00:41:46 [notice] 1#1: worker process 31 exited with code 0
2025/05/07 00:41:46 [notice] 1#1: worker process 32 exited with code 0
2025/05/07 00:41:46 [notice] 1#1: exit
2025/05/07 00:42:43 [notice] 1#1: using the "epoll" event method
2025/05/07 00:42:43 [notice] 1#1: nginx/1.27.4
2025/05/07 00:42:43 [notice] 1#1: built by gcc 14.2.0 (Alpine 14.2.0) 
2025/05/07 00:42:43 [notice] 1#1: OS: Linux 5.15.49-linuxkit-pr
2025/05/07 00:42:43 [notice] 1#1: getrlimit(RLIMIT_NOFILE): 1048576:1048576
2025/05/07 00:42:43 [notice] 1#1: start worker processes
2025/05/07 00:42:43 [notice] 1#1: start worker process 29
2025/05/07 00:42:43 [notice] 1#1: start worker process 30
2025/05/07 00:42:43 [notice] 1#1: start worker process 31
2025/05/07 00:42:43 [notice] 1#1: start worker process 32
2025/05/07 02:54:30 [notice] 1#1: signal 3 (SIGQUIT) received, shutting down
2025/05/07 02:54:30 [notice] 29#29: gracefully shutting down
2025/05/07 02:54:30 [notice] 32#32: gracefully shutting down
2025/05/07 02:54:30 [notice] 32#32: exiting
2025/05/07 02:54:30 [notice] 30#30: gracefully shutting down
2025/05/07 02:54:30 [notice] 31#31: gracefully shutting down
2025/05/07 02:54:30 [notice] 32#32: exit
2025/05/07 02:54:30 [notice] 30#30: exiting
2025/05/07 02:54:30 [notice] 30#30: exit
2025/05/07 02:54:30 [notice] 31#31: exiting
2025/05/07 02:54:30 [notice] 31#31: exit
2025/05/07 02:54:30 [notice] 1#1: signal 17 (SIGCHLD) received from 30
2025/05/07 02:54:30 [notice] 1#1: worker process 30 exited with code 0
2025/05/07 02:54:30 [notice] 1#1: worker process 32 exited with code 0
2025/05/07 02:54:30 [notice] 1#1: signal 29 (SIGIO) received
2025/05/07 02:54:30 [notice] 1#1: signal 17 (SIGCHLD) received from 31
2025/05/07 02:54:30 [notice] 1#1: worker process 31 exited with code 0
2025/05/07 02:54:30 [notice] 1#1: signal 29 (SIGIO) received
2025/05/07 02:54:39 [notice] 29#29: exiting
2025/05/07 02:54:39 [notice] 29#29: exit
2025/05/07 02:54:39 [notice] 1#1: signal 17 (SIGCHLD) received from 29
2025/05/07 02:54:39 [notice] 1#1: worker process 29 exited with code 0
2025/05/07 02:54:39 [notice] 1#1: exit
2025/05/07 02:55:22 [notice] 1#1: using the "epoll" event method
2025/05/07 02:55:22 [notice] 1#1: nginx/1.27.4
2025/05/07 02:55:22 [notice] 1#1: built by gcc 14.2.0 (Alpine 14.2.0) 
2025/05/07 02:55:22 [notice] 1#1: OS: Linux 5.15.49-linuxkit-pr
2025/05/07 02:55:22 [notice] 1#1: getrlimit(RLIMIT_NOFILE): 1048576:1048576
2025/05/07 02:55:22 [notice] 1#1: start worker processes
2025/05/07 02:55:22 [notice] 1#1: start worker process 29
2025/05/07 02:55:22 [notice] 1#1: start worker process 30
2025/05/07 02:55:22 [notice] 1#1: start worker process 31
2025/05/07 02:55:22 [notice] 1#1: start worker process 32
2025/05/07 03:22:42 [notice] 1#1: signal 3 (SIGQUIT) received, shutting down
2025/05/07 03:22:42 [notice] 29#29: gracefully shutting down
2025/05/07 03:22:42 [notice] 31#31: gracefully shutting down
2025/05/07 03:22:42 [notice] 29#29: exiting
2025/05/07 03:22:42 [notice] 30#30: gracefully shutting down
2025/05/07 03:22:42 [notice] 32#32: gracefully shutting down
2025/05/07 03:22:42 [notice] 32#32: exiting
2025/05/07 03:22:42 [notice] 31#31: exiting
2025/05/07 03:22:42 [notice] 29#29: exit
2025/05/07 03:22:42 [notice] 30#30: exiting
2025/05/07 03:22:42 [notice] 30#30: exit
2025/05/07 03:22:42 [notice] 32#32: exit
2025/05/07 03:22:42 [notice] 31#31: exit
2025/05/07 03:22:42 [notice] 1#1: signal 17 (SIGCHLD) received from 30
2025/05/07 03:22:42 [notice] 1#1: worker process 29 exited with code 0
2025/05/07 03:22:42 [notice] 1#1: worker process 30 exited with code 0
2025/05/07 03:22:42 [notice] 1#1: worker process 31 exited with code 0
2025/05/07 03:22:42 [notice] 1#1: worker process 32 exited with code 0
2025/05/07 03:22:42 [notice] 1#1: exit
2025/05/09 16:11:27 [notice] 1#1: using the "epoll" event method
2025/05/09 16:11:27 [notice] 1#1: nginx/1.27.4
2025/05/09 16:11:27 [notice] 1#1: built by gcc 14.2.0 (Alpine 14.2.0) 
2025/05/09 16:11:27 [notice] 1#1: OS: Linux 5.15.49-linuxkit-pr
2025/05/09 16:11:27 [notice] 1#1: getrlimit(RLIMIT_NOFILE): 1048576:1048576
2025/05/09 16:11:27 [notice] 1#1: start worker processes
2025/05/09 16:11:27 [notice] 1#1: start worker process 29
2025/05/09 16:11:27 [notice] 1#1: start worker process 30
2025/05/09 16:11:27 [notice] 1#1: start worker process 31
2025/05/09 16:11:27 [notice] 1#1: start worker process 32
2025/05/10 13:19:24 [notice] 1#1: signal 3 (SIGQUIT) received, shutting down
2025/05/10 13:19:24 [notice] 29#29: gracefully shutting down
2025/05/10 13:19:24 [notice] 31#31: gracefully shutting down
2025/05/10 13:19:24 [notice] 30#30: gracefully shutting down
2025/05/10 13:19:24 [notice] 32#32: gracefully shutting down
2025/05/10 13:19:24 [notice] 32#32: exiting
2025/05/10 13:19:24 [notice] 29#29: exiting
2025/05/10 13:19:24 [notice] 31#31: exiting
2025/05/10 13:19:24 [notice] 30#30: exiting
2025/05/10 13:19:24 [notice] 30#30: exit
2025/05/10 13:19:24 [notice] 32#32: exit
2025/05/10 13:19:24 [notice] 29#29: exit
2025/05/10 13:19:24 [notice] 31#31: exit
2025/05/10 13:19:24 [notice] 1#1: signal 17 (SIGCHLD) received from 30
2025/05/10 13:19:24 [notice] 1#1: worker process 29 exited with code 0
2025/05/10 13:19:24 [notice] 1#1: worker process 30 exited with code 0
2025/05/10 13:19:24 [notice] 1#1: worker process 32 exited with code 0
2025/05/10 13:19:24 [notice] 1#1: worker process 31 exited with code 0
2025/05/10 13:19:24 [notice] 1#1: exit
2025/05/10 13:19:30 [notice] 1#1: using the "epoll" event method
2025/05/10 13:19:30 [notice] 1#1: nginx/1.27.4
2025/05/10 13:19:30 [notice] 1#1: built by gcc 14.2.0 (Alpine 14.2.0) 
2025/05/10 13:19:30 [notice] 1#1: OS: Linux 5.15.49-linuxkit-pr
2025/05/10 13:19:30 [notice] 1#1: getrlimit(RLIMIT_NOFILE): 1048576:1048576
2025/05/10 13:19:30 [notice] 1#1: start worker processes
2025/05/10 13:19:30 [notice] 1#1: start worker process 28
2025/05/10 13:19:30 [notice] 1#1: start worker process 29
2025/05/10 13:19:30 [notice] 1#1: start worker process 30
2025/05/10 13:19:30 [notice] 1#1: start worker process 31
2025/05/10 14:36:44 [notice] 1#1: signal 3 (SIGQUIT) received, shutting down
2025/05/10 14:36:44 [notice] 30#30: gracefully shutting down
2025/05/10 14:36:44 [notice] 30#30: exiting
2025/05/10 14:36:44 [notice] 28#28: gracefully shutting down
2025/05/10 14:36:44 [notice] 31#31: gracefully shutting down
2025/05/10 14:36:44 [notice] 31#31: exiting
2025/05/10 14:36:44 [notice] 29#29: gracefully shutting down
2025/05/10 14:36:44 [notice] 30#30: exit
2025/05/10 14:36:44 [notice] 28#28: exiting
2025/05/10 14:36:44 [notice] 31#31: exit
2025/05/10 14:36:44 [notice] 29#29: exiting
2025/05/10 14:36:44 [notice] 28#28: exit
2025/05/10 14:36:44 [notice] 29#29: exit
2025/05/10 14:36:44 [notice] 1#1: signal 17 (SIGCHLD) received from 30
2025/05/10 14:36:44 [notice] 1#1: worker process 30 exited with code 0
2025/05/10 14:36:44 [notice] 1#1: signal 29 (SIGIO) received
2025/05/10 14:36:44 [notice] 1#1: signal 17 (SIGCHLD) received from 31
2025/05/10 14:36:44 [notice] 1#1: worker process 31 exited with code 0
2025/05/10 14:36:44 [notice] 1#1: signal 29 (SIGIO) received
2025/05/10 14:36:44 [notice] 1#1: signal 17 (SIGCHLD) received from 28
2025/05/10 14:36:44 [notice] 1#1: worker process 28 exited with code 0
2025/05/10 14:36:44 [notice] 1#1: worker process 29 exited with code 0
2025/05/10 14:36:44 [notice] 1#1: exit
2025/05/10 14:38:46 [notice] 1#1: using the "epoll" event method
2025/05/10 14:38:46 [notice] 1#1: nginx/1.27.4
2025/05/10 14:38:46 [notice] 1#1: built by gcc 14.2.0 (Alpine 14.2.0) 
2025/05/10 14:38:46 [notice] 1#1: OS: Linux 5.15.49-linuxkit-pr
2025/05/10 14:38:46 [notice] 1#1: getrlimit(RLIMIT_NOFILE): 1048576:1048576
2025/05/10 14:38:46 [notice] 1#1: start worker processes
2025/05/10 14:38:46 [notice] 1#1: start worker process 29
2025/05/10 14:38:46 [notice] 1#1: start worker process 30
2025/05/10 14:38:46 [notice] 1#1: start worker process 31
2025/05/10 14:38:46 [notice] 1#1: start worker process 32
2025/05/10 16:11:39 [notice] 1#1: signal 3 (SIGQUIT) received, shutting down
2025/05/10 16:11:39 [notice] 32#32: gracefully shutting down
2025/05/10 16:11:39 [notice] 31#31: gracefully shutting down
2025/05/10 16:11:39 [notice] 31#31: exiting
2025/05/10 16:11:39 [notice] 29#29: gracefully shutting down
2025/05/10 16:11:39 [notice] 29#29: exiting
2025/05/10 16:11:39 [notice] 30#30: gracefully shutting down
2025/05/10 16:11:39 [notice] 32#32: exiting
2025/05/10 16:11:39 [notice] 31#31: exit
2025/05/10 16:11:39 [notice] 29#29: exit
2025/05/10 16:11:39 [notice] 30#30: exiting
2025/05/10 16:11:39 [notice] 32#32: exit
2025/05/10 16:11:39 [notice] 30#30: exit
2025/05/10 16:11:40 [notice] 1#1: signal 17 (SIGCHLD) received from 31
2025/05/10 16:11:40 [notice] 1#1: worker process 29 exited with code 0
2025/05/10 16:11:40 [notice] 1#1: worker process 31 exited with code 0
2025/05/10 16:11:40 [notice] 1#1: signal 29 (SIGIO) received
2025/05/10 16:11:40 [notice] 1#1: signal 17 (SIGCHLD) received from 32
2025/05/10 16:11:40 [notice] 1#1: worker process 32 exited with code 0
2025/05/10 16:11:40 [notice] 1#1: signal 29 (SIGIO) received
2025/05/10 16:11:40 [notice] 1#1: signal 17 (SIGCHLD) received from 30
2025/05/10 16:11:40 [notice] 1#1: worker process 30 exited with code 0
2025/05/10 16:11:40 [notice] 1#1: exit
2025/05/10 16:11:47 [notice] 1#1: using the "epoll" event method
2025/05/10 16:11:47 [notice] 1#1: nginx/1.27.4
2025/05/10 16:11:47 [notice] 1#1: built by gcc 14.2.0 (Alpine 14.2.0) 
2025/05/10 16:11:47 [notice] 1#1: OS: Linux 5.15.49-linuxkit-pr
2025/05/10 16:11:47 [notice] 1#1: getrlimit(RLIMIT_NOFILE): 1048576:1048576
2025/05/10 16:11:47 [notice] 1#1: start worker processes
2025/05/10 16:11:47 [notice] 1#1: start worker process 29
2025/05/10 16:11:47 [notice] 1#1: start worker process 30
2025/05/10 16:11:47 [notice] 1#1: start worker process 31
2025/05/10 16:11:47 [notice] 1#1: start worker process 32
2025/05/20 06:55:07 [notice] 1#1: signal 3 (SIGQUIT) received, shutting down
2025/05/20 06:55:07 [notice] 30#30: gracefully shutting down
2025/05/20 06:55:07 [notice] 29#29: gracefully shutting down
2025/05/20 06:55:07 [notice] 31#31: gracefully shutting down
2025/05/20 06:55:07 [notice] 32#32: gracefully shutting down
2025/05/20 06:55:07 [notice] 30#30: exiting
2025/05/20 06:55:07 [notice] 31#31: exiting
2025/05/20 06:55:07 [notice] 29#29: exiting
2025/05/20 06:55:07 [notice] 32#32: exiting
2025/05/20 06:55:07 [notice] 30#30: exit
2025/05/20 06:55:07 [notice] 31#31: exit
2025/05/20 06:55:07 [notice] 29#29: exit
2025/05/20 06:55:07 [notice] 32#32: exit
2025/05/20 06:55:08 [notice] 1#1: signal 17 (SIGCHLD) received from 30
2025/05/20 06:55:08 [notice] 1#1: worker process 29 exited with code 0
2025/05/20 06:55:08 [notice] 1#1: worker process 30 exited with code 0
2025/05/20 06:55:08 [notice] 1#1: worker process 31 exited with code 0
2025/05/20 06:55:08 [notice] 1#1: worker process 32 exited with code 0
2025/05/20 06:55:08 [notice] 1#1: exit
2025/05/20 06:55:44 [notice] 1#1: using the "epoll" event method
2025/05/20 06:55:44 [notice] 1#1: nginx/1.27.4
2025/05/20 06:55:44 [notice] 1#1: built by gcc 14.2.0 (Alpine 14.2.0) 
2025/05/20 06:55:44 [notice] 1#1: OS: Linux 5.15.49-linuxkit-pr
2025/05/20 06:55:44 [notice] 1#1: getrlimit(RLIMIT_NOFILE): 1048576:1048576
2025/05/20 06:55:44 [notice] 1#1: start worker processes
2025/05/20 06:55:44 [notice] 1#1: start worker process 30
2025/05/20 06:55:44 [notice] 1#1: start worker process 31
2025/05/20 06:55:44 [notice] 1#1: start worker process 32
2025/05/20 06:55:44 [notice] 1#1: start worker process 33
2025/05/20 07:24:38 [notice] 1#1: signal 3 (SIGQUIT) received, shutting down
2025/05/20 07:24:38 [notice] 30#30: gracefully shutting down
2025/05/20 07:24:38 [notice] 32#32: gracefully shutting down
2025/05/20 07:24:38 [notice] 31#31: gracefully shutting down
2025/05/20 07:24:38 [notice] 33#33: gracefully shutting down
2025/05/20 07:24:38 [notice] 30#30: exiting
2025/05/20 07:24:38 [notice] 32#32: exiting
2025/05/20 07:24:38 [notice] 31#31: exiting
2025/05/20 07:24:38 [notice] 33#33: exiting
2025/05/20 07:24:38 [notice] 30#30: exit
2025/05/20 07:24:38 [notice] 33#33: exit
2025/05/20 07:24:38 [notice] 32#32: exit
2025/05/20 07:24:38 [notice] 31#31: exit
2025/05/20 07:24:38 [notice] 1#1: signal 17 (SIGCHLD) received from 33
2025/05/20 07:24:38 [notice] 1#1: worker process 30 exited with code 0
2025/05/20 07:24:38 [notice] 1#1: worker process 33 exited with code 0
2025/05/20 07:24:38 [notice] 1#1: signal 29 (SIGIO) received
2025/05/20 07:24:38 [notice] 1#1: signal 17 (SIGCHLD) received from 32
2025/05/20 07:24:38 [notice] 1#1: worker process 32 exited with code 0
2025/05/20 07:24:38 [notice] 1#1: worker process 31 exited with code 0
2025/05/20 07:24:38 [notice] 1#1: exit
2025/05/20 07:25:02 [notice] 1#1: using the "epoll" event method
2025/05/20 07:25:02 [notice] 1#1: nginx/1.27.4
2025/05/20 07:25:02 [notice] 1#1: built by gcc 14.2.0 (Alpine 14.2.0) 
2025/05/20 07:25:02 [notice] 1#1: OS: Linux 5.15.49-linuxkit-pr
2025/05/20 07:25:02 [notice] 1#1: getrlimit(RLIMIT_NOFILE): 1048576:1048576
2025/05/20 07:25:02 [notice] 1#1: start worker processes
2025/05/20 07:25:02 [notice] 1#1: start worker process 29
2025/05/20 07:25:02 [notice] 1#1: start worker process 30
2025/05/20 07:25:02 [notice] 1#1: start worker process 31
2025/05/20 07:25:02 [notice] 1#1: start worker process 32
2025/05/20 10:26:58 [notice] 1#1: using the "epoll" event method
2025/05/20 10:26:58 [notice] 1#1: nginx/1.27.4
2025/05/20 10:26:58 [notice] 1#1: built by gcc 14.2.0 (Alpine 14.2.0) 
2025/05/20 10:26:58 [notice] 1#1: OS: Linux 5.15.49-linuxkit-pr
2025/05/20 10:26:58 [notice] 1#1: getrlimit(RLIMIT_NOFILE): 1048576:1048576
2025/05/20 10:26:58 [notice] 1#1: start worker processes
2025/05/20 10:26:58 [notice] 1#1: start worker process 29
2025/05/20 10:26:58 [notice] 1#1: start worker process 30
2025/05/20 10:26:58 [notice] 1#1: start worker process 31
2025/05/20 10:26:58 [notice] 1#1: start worker process 32
2025/05/20 12:42:33 [notice] 1#1: signal 3 (SIGQUIT) received, shutting down
2025/05/20 12:42:33 [notice] 29#29: gracefully shutting down
2025/05/20 12:42:33 [notice] 30#30: gracefully shutting down
2025/05/20 12:42:33 [notice] 30#30: exiting
2025/05/20 12:42:33 [notice] 31#31: gracefully shutting down
2025/05/20 12:42:33 [notice] 31#31: exiting
2025/05/20 12:42:33 [notice] 32#32: gracefully shutting down
2025/05/20 12:42:33 [notice] 29#29: exiting
2025/05/20 12:42:33 [notice] 30#30: exit
2025/05/20 12:42:33 [notice] 31#31: exit
2025/05/20 12:42:33 [notice] 32#32: exiting
2025/05/20 12:42:33 [notice] 29#29: exit
2025/05/20 12:42:33 [notice] 32#32: exit
2025/05/20 12:42:33 [notice] 1#1: signal 17 (SIGCHLD) received from 31
2025/05/20 12:42:33 [notice] 1#1: worker process 30 exited with code 0
2025/05/20 12:42:33 [notice] 1#1: worker process 31 exited with code 0
2025/05/20 12:42:33 [notice] 1#1: signal 29 (SIGIO) received
2025/05/20 12:42:33 [notice] 1#1: signal 17 (SIGCHLD) received from 29
2025/05/20 12:42:33 [notice] 1#1: worker process 29 exited with code 0
2025/05/20 12:42:33 [notice] 1#1: signal 29 (SIGIO) received
2025/05/20 12:42:33 [notice] 1#1: signal 17 (SIGCHLD) received from 32
2025/05/20 12:42:33 [notice] 1#1: worker process 32 exited with code 0
2025/05/20 12:42:33 [notice] 1#1: exit
2025/05/20 12:42:38 [notice] 1#1: using the "epoll" event method
2025/05/20 12:42:38 [notice] 1#1: nginx/1.27.4
2025/05/20 12:42:38 [notice] 1#1: built by gcc 14.2.0 (Alpine 14.2.0) 
2025/05/20 12:42:38 [notice] 1#1: OS: Linux 5.15.49-linuxkit-pr
2025/05/20 12:42:38 [notice] 1#1: getrlimit(RLIMIT_NOFILE): 1048576:1048576
2025/05/20 12:42:38 [notice] 1#1: start worker processes
2025/05/20 12:42:38 [notice] 1#1: start worker process 29
2025/05/20 12:42:38 [notice] 1#1: start worker process 30
2025/05/20 12:42:38 [notice] 1#1: start worker process 31
2025/05/20 12:42:38 [notice] 1#1: start worker process 32
2025/05/30 03:55:44 [notice] 1#1: signal 3 (SIGQUIT) received, shutting down
2025/05/30 03:55:44 [notice] 29#29: gracefully shutting down
2025/05/30 03:55:44 [notice] 32#32: gracefully shutting down
2025/05/30 03:55:44 [notice] 30#30: gracefully shutting down
2025/05/30 03:55:44 [notice] 31#31: gracefully shutting down
2025/05/30 03:55:44 [notice] 32#32: exiting
2025/05/30 03:55:44 [notice] 31#31: exiting
2025/05/30 03:55:44 [notice] 32#32: exit
2025/05/30 03:55:44 [notice] 30#30: exiting
2025/05/30 03:55:44 [notice] 29#29: exiting
2025/05/30 03:55:44 [notice] 29#29: exit
2025/05/30 03:55:44 [notice] 31#31: exit
2025/05/30 03:55:44 [notice] 30#30: exit
2025/05/30 03:55:44 [notice] 1#1: signal 17 (SIGCHLD) received from 32
2025/05/30 03:55:44 [notice] 1#1: worker process 29 exited with code 0
2025/05/30 03:55:44 [notice] 1#1: worker process 30 exited with code 0
2025/05/30 03:55:44 [notice] 1#1: worker process 31 exited with code 0
2025/05/30 03:55:44 [notice] 1#1: worker process 32 exited with code 0
2025/05/30 03:55:44 [notice] 1#1: exit
2025/05/30 03:55:57 [notice] 1#1: using the "epoll" event method
2025/05/30 03:55:57 [notice] 1#1: nginx/1.27.4
2025/05/30 03:55:57 [notice] 1#1: built by gcc 14.2.0 (Alpine 14.2.0) 
2025/05/30 03:55:57 [notice] 1#1: OS: Linux 5.15.49-linuxkit-pr
2025/05/30 03:55:57 [notice] 1#1: getrlimit(RLIMIT_NOFILE): 1048576:1048576
2025/05/30 03:55:57 [notice] 1#1: start worker processes
2025/05/30 03:55:57 [notice] 1#1: start worker process 29
2025/05/30 03:55:57 [notice] 1#1: start worker process 30
2025/05/30 03:55:57 [notice] 1#1: start worker process 31
2025/05/30 03:55:57 [notice] 1#1: start worker process 32
2025/05/30 04:03:21 [notice] 1#1: signal 3 (SIGQUIT) received, shutting down
2025/05/30 04:03:21 [notice] 31#31: gracefully shutting down
2025/05/30 04:03:21 [notice] 32#32: gracefully shutting down
2025/05/30 04:03:21 [notice] 32#32: exiting
2025/05/30 04:03:21 [notice] 29#29: gracefully shutting down
2025/05/30 04:03:21 [notice] 29#29: exiting
2025/05/30 04:03:21 [notice] 30#30: gracefully shutting down
2025/05/30 04:03:21 [notice] 31#31: exiting
2025/05/30 04:03:21 [notice] 32#32: exit
2025/05/30 04:03:21 [notice] 29#29: exit
2025/05/30 04:03:21 [notice] 30#30: exiting
2025/05/30 04:03:21 [notice] 31#31: exit
2025/05/30 04:03:21 [notice] 30#30: exit
2025/05/30 04:03:21 [notice] 1#1: signal 17 (SIGCHLD) received from 32
2025/05/30 04:03:21 [notice] 1#1: worker process 32 exited with code 0
2025/05/30 04:03:21 [notice] 1#1: signal 29 (SIGIO) received
2025/05/30 04:03:21 [notice] 1#1: signal 17 (SIGCHLD) received from 29
2025/05/30 04:03:21 [notice] 1#1: worker process 29 exited with code 0
2025/05/30 04:03:21 [notice] 1#1: signal 29 (SIGIO) received
2025/05/30 04:03:21 [notice] 1#1: signal 17 (SIGCHLD) received from 31
2025/05/30 04:03:21 [notice] 1#1: worker process 31 exited with code 0
2025/05/30 04:03:21 [notice] 1#1: worker process 30 exited with code 0
2025/05/30 04:03:21 [notice] 1#1: exit
2025/05/30 04:03:34 [notice] 1#1: using the "epoll" event method
2025/05/30 04:03:34 [notice] 1#1: nginx/1.27.4
2025/05/30 04:03:34 [notice] 1#1: built by gcc 14.2.0 (Alpine 14.2.0) 
2025/05/30 04:03:34 [notice] 1#1: OS: Linux 5.15.49-linuxkit-pr
2025/05/30 04:03:34 [notice] 1#1: getrlimit(RLIMIT_NOFILE): 1048576:1048576
2025/05/30 04:03:34 [notice] 1#1: start worker processes
2025/05/30 04:03:34 [notice] 1#1: start worker process 29
2025/05/30 04:03:34 [notice] 1#1: start worker process 30
2025/05/30 04:03:34 [notice] 1#1: start worker process 31
2025/05/30 04:03:34 [notice] 1#1: start worker process 32
2025/05/30 04:07:09 [error] 29#29: *2 connect() failed (111: Connection refused) while connecting to upstream, client: 172.19.0.1, server: localhost, request: "POST /api/create-dummy-users HTTP/1.1", upstream: "http://172.19.0.3:8000/api/create-dummy-users", host: "localhost"
2025/05/30 04:10:14 [error] 30#30: *4 connect() failed (111: Connection refused) while connecting to upstream, client: 172.19.0.1, server: localhost, request: "POST /api/auth/create-dummy-users HTTP/1.1", upstream: "http://172.19.0.3:8000/api/auth/create-dummy-users", host: "localhost"
2025/05/30 04:12:14 [error] 31#31: *10 connect() failed (111: Connection refused) while connecting to upstream, client: 172.19.0.1, server: localhost, request: "POST /api/auth/create-dummy-users HTTP/1.1", upstream: "http://172.19.0.3:8000/api/auth/create-dummy-users", host: "localhost"
2025/05/30 04:12:59 [error] 31#31: *10 connect() failed (111: Connection refused) while connecting to upstream, client: 172.19.0.1, server: localhost, request: "POST /api/auth/create-dummy-users HTTP/1.1", upstream: "http://172.19.0.3:8000/api/auth/create-dummy-users", host: "localhost"
2025/05/30 04:19:58 [error] 29#29: *17 connect() failed (111: Connection refused) while connecting to upstream, client: 172.19.0.1, server: localhost, request: "POST /api/auth/token HTTP/1.1", upstream: "http://172.19.0.3:8000/api/auth/token", host: "localhost", referrer: "http://localhost/login.html"
2025/05/30 04:25:44 [error] 29#29: *20 connect() failed (111: Connection refused) while connecting to upstream, client: 172.19.0.1, server: localhost, request: "POST /api/auth/token HTTP/1.1", upstream: "http://172.19.0.3:8000/api/auth/token", host: "localhost", referrer: "http://localhost/login.html"
2025/05/30 04:36:19 [error] 29#29: *22 connect() failed (111: Connection refused) while connecting to upstream, client: 172.19.0.1, server: localhost, request: "POST /api/auth/create-dummy-users HTTP/1.1", upstream: "http://172.19.0.3:8000/api/auth/create-dummy-users", host: "localhost"
